New log file opened at Sun Dec 20 15:51:16 EET 2015 by 4940@samuil-pc
jvm 4940@samuil-pc
jvm vmName=Java HotSpot(TM) 64-Bit Server VM vmVendor=Oracle Corporation vmVersion=25.25-b02
jvm specName=Java Virtual Machine Specification specVendor=Oracle Corporation specVersion=1.8
jvm arguments: [-Xms256m, -Xmx1024m, -XX:MetaspaceSize=64m, -XX:MaxMetaspaceSize=256m]
Starting event engine
Starting sbt command engine
Waiting for sbt command engine
Command engine arguments=List()
Command engine baseDirectory=F:\workspace\master-thesis-web
Command engine initial remaining commands List(--initialize, onFailure load-failed, boot, server-send-ready-for-request, server-handle-next-server-request)
> --initialize
> initialize
> onFailure load-failed
> boot
> reload
[Loading] Scanning directory F:\workspace\master-thesis-web\project
[Loading] Found non-root projects 
[Loading] Done in F:\workspace\master-thesis-web\project, returning: ()
deducing auto plugins based on known facts Set(Atom(sbt.plugins.CorePlugin)) and clauses Clauses(List(Clause(Atom(sbt.plugins.JvmPlugin),Set(Atom(sbt.plugins.IvyPlugin))), Clause(Atom(sbt.plugins.JUnitXmlReportPlugin),Set(Atom(sbt.plugins.JvmPlugin))), Clause(Atom(sbt.plugins.CorePlugin),Set(Atom(sbt.plugins.IvyPlugin))), Clause(Atom(sbt.plugins.IvyPlugin),Set(Atom(sbt.plugins.JvmPlugin))), Clause(Atom(sbt.plugins.JvmPlugin),Set(Atom(sbt.plugins.JUnitXmlReportPlugin)))))
  :: deduced result: Matched(sbt.plugins.CorePlugin,sbt.plugins.IvyPlugin,sbt.plugins.JvmPlugin,sbt.plugins.JUnitXmlReportPlugin)
sorting: ns: List(sbt.plugins.CorePlugin, sbt.plugins.IvyPlugin, sbt.plugins.JvmPlugin, sbt.plugins.JUnitXmlReportPlugin)
  :: sorting:: found: List(sbt.plugins.CorePlugin) not found List(sbt.plugins.IvyPlugin, sbt.plugins.JvmPlugin, sbt.plugins.JUnitXmlReportPlugin)
  :: sorting:: found: List(sbt.plugins.CorePlugin, sbt.plugins.IvyPlugin) not found List(sbt.plugins.JvmPlugin, sbt.plugins.JUnitXmlReportPlugin)
  :: sorting:: found: List(sbt.plugins.CorePlugin, sbt.plugins.IvyPlugin, sbt.plugins.JvmPlugin) not found List(sbt.plugins.JUnitXmlReportPlugin)
  :: sorting:: found: List(sbt.plugins.CorePlugin, sbt.plugins.IvyPlugin, sbt.plugins.JvmPlugin, sbt.plugins.JUnitXmlReportPlugin) not found List()
  :: sorted deduced result: List(sbt.plugins.CorePlugin, sbt.plugins.IvyPlugin, sbt.plugins.JvmPlugin, sbt.plugins.JUnitXmlReportPlugin)
[Loading] Done in F:\workspace\master-thesis-web\project, returning: (master-thesis-web-build)
Loading project definition from F:\workspace\master-thesis-web\project
Running task... Cancel: sbt.TaskCancellationStrategy$Null$@499011af, check cycles: false

Initial source changes: 
	removed:Set()
	added: Set()
	modified: Set()
Removed products: Set()
External API changes: API Changes: Set()
Modified binary dependencies: Set()
Initial directly invalidated sources: Set()

Sources indirectly invalidated by:
	product: Set()
	binary dep: Set()
	external source: Set()
All initially invalidated sources: Set()

Copy resource mappings: 
	
[Loading] Scanning directory F:\workspace\master-thesis-web
[Loading] Found root project root w/ remaining 
deducing auto plugins based on known facts Set(Atom(play.PlayJava), Atom(sbt.plugins.CorePlugin)) and clauses Clauses(List(Clause(Atom(sbt.plugins.JvmPlugin),Set(Atom(sbt.plugins.IvyPlugin))), Clause(Atom(sbt.plugins.JUnitXmlReportPlugin),Set(Atom(sbt.plugins.JvmPlugin))), Clause(Atom(play.sbt.forkrun.PlayForkRun),Set(Atom(sbt.plugins.BackgroundRunPlugin))), Clause(Atom(play.sbt.forkrun.PlayForkRun),Set(Atom(play.Play))), Clause(Atom(play.sbt.forkrun.PlayForkRun),Set(Atom(sbt.plugins.SerializersPlugin))), Clause(Atom(play.Play),Set(Atom(com.typesafe.sbt.webdriver.SbtWebDriver))), Clause(Atom(play.Play),Set(Atom(play.twirl.sbt.SbtTwirl))), Clause(Atom(play.Play),Set(Atom(com.typesafe.sbt.jse.SbtJsTask))), Clause(Atom(play.PlayJava),Set(Atom(play.Play))), Clause(Atom(play.PlayScala),Set(Atom(play.Play))), Clause(Atom(play.twirl.sbt.SbtTwirl),Set(Atom(sbt.plugins.JvmPlugin))), Clause(Atom(com.typesafe.sbt.jse.SbtJsEngine),Set(Atom(com.typesafe.sbt.web.SbtWeb))), Clause(Atom(com.typesafe.sbt.jse.SbtJsTask),Set(Atom(com.typesafe.sbt.jse.SbtJsEngine))), Clause(Atom(com.typesafe.sbt.webdriver.SbtWebDriver),Set(Atom(com.typesafe.sbt.web.SbtWeb))), Clause(Atom(sbt.plugins.BackgroundRunPlugin),Set(Atom(sbt.plugins.JvmPlugin))), Clause(Atom(sbt.plugins.CorePlugin),Set(Atom(sbt.plugins.IvyPlugin))), Clause(Atom(sbt.plugins.IvyPlugin),Set(Atom(sbt.plugins.JvmPlugin))), Clause(Atom(sbt.plugins.JvmPlugin),Set(Atom(sbt.plugins.JUnitXmlReportPlugin))), Clause(And(Set(Atom(sbt.plugins.BackgroundRunPlugin), Atom(play.Play), Atom(sbt.plugins.SerializersPlugin))),Set(Atom(play.sbt.forkrun.PlayForkRun))), Clause(Atom(com.typesafe.sbt.web.SbtWeb),Set(Atom(com.typesafe.sbt.jse.SbtJsEngine))), Clause(Atom(com.typesafe.sbt.jse.SbtJsEngine),Set(Atom(com.typesafe.sbt.jse.SbtJsTask))), Clause(Atom(com.typesafe.sbt.web.SbtWeb),Set(Atom(com.typesafe.sbt.webdriver.SbtWebDriver))), Clause(Atom(sbt.plugins.JvmPlugin),Set(Atom(sbt.plugins.BackgroundRunPlugin))), Clause(Atom(sbt.plugins.CorePlugin),Set(Atom(sbt.plugins.InteractionServicePlugin))), Clause(Atom(sbt.plugins.CorePlugin),Set(Atom(sbt.plugins.SendEventServicePlugin))), Clause(Atom(sbt.plugins.CorePlugin),Set(Atom(sbt.plugins.SerializersPlugin)))))
  :: deduced result: Matched(sbt.plugins.CorePlugin,play.PlayJava,sbt.plugins.InteractionServicePlugin,sbt.plugins.SendEventServicePlugin,play.Play,sbt.plugins.SerializersPlugin,sbt.plugins.IvyPlugin,sbt.plugins.JvmPlugin,com.typesafe.sbt.jse.SbtJsTask,play.twirl.sbt.SbtTwirl,com.typesafe.sbt.webdriver.SbtWebDriver,sbt.plugins.BackgroundRunPlugin,sbt.plugins.JUnitXmlReportPlugin,com.typesafe.sbt.web.SbtWeb,com.typesafe.sbt.jse.SbtJsEngine,play.sbt.forkrun.PlayForkRun)
sorting: ns: List(sbt.plugins.CorePlugin, play.PlayJava, sbt.plugins.InteractionServicePlugin, sbt.plugins.SendEventServicePlugin, play.Play, sbt.plugins.SerializersPlugin, sbt.plugins.IvyPlugin, sbt.plugins.JvmPlugin, com.typesafe.sbt.jse.SbtJsTask, play.twirl.sbt.SbtTwirl, com.typesafe.sbt.webdriver.SbtWebDriver, sbt.plugins.BackgroundRunPlugin, sbt.plugins.JUnitXmlReportPlugin, com.typesafe.sbt.web.SbtWeb, com.typesafe.sbt.jse.SbtJsEngine, play.sbt.forkrun.PlayForkRun)
  :: sorting:: found: List(sbt.plugins.CorePlugin, com.typesafe.sbt.web.SbtWeb) not found List(play.PlayJava, sbt.plugins.InteractionServicePlugin, sbt.plugins.SendEventServicePlugin, play.Play, sbt.plugins.SerializersPlugin, sbt.plugins.IvyPlugin, sbt.plugins.JvmPlugin, com.typesafe.sbt.jse.SbtJsTask, play.twirl.sbt.SbtTwirl, com.typesafe.sbt.webdriver.SbtWebDriver, sbt.plugins.BackgroundRunPlugin, sbt.plugins.JUnitXmlReportPlugin, com.typesafe.sbt.jse.SbtJsEngine, play.sbt.forkrun.PlayForkRun)
  :: sorting:: found: List(sbt.plugins.CorePlugin, com.typesafe.sbt.web.SbtWeb, sbt.plugins.InteractionServicePlugin, sbt.plugins.SendEventServicePlugin, sbt.plugins.SerializersPlugin, sbt.plugins.IvyPlugin, com.typesafe.sbt.webdriver.SbtWebDriver, com.typesafe.sbt.jse.SbtJsEngine) not found List(play.PlayJava, play.Play, sbt.plugins.JvmPlugin, com.typesafe.sbt.jse.SbtJsTask, play.twirl.sbt.SbtTwirl, sbt.plugins.BackgroundRunPlugin, sbt.plugins.JUnitXmlReportPlugin, play.sbt.forkrun.PlayForkRun)
  :: sorting:: found: List(sbt.plugins.CorePlugin, com.typesafe.sbt.web.SbtWeb, sbt.plugins.InteractionServicePlugin, sbt.plugins.SendEventServicePlugin, sbt.plugins.SerializersPlugin, sbt.plugins.IvyPlugin, com.typesafe.sbt.webdriver.SbtWebDriver, com.typesafe.sbt.jse.SbtJsEngine, sbt.plugins.JvmPlugin, com.typesafe.sbt.jse.SbtJsTask) not found List(play.PlayJava, play.Play, play.twirl.sbt.SbtTwirl, sbt.plugins.BackgroundRunPlugin, sbt.plugins.JUnitXmlReportPlugin, play.sbt.forkrun.PlayForkRun)
  :: sorting:: found: List(sbt.plugins.CorePlugin, com.typesafe.sbt.web.SbtWeb, sbt.plugins.InteractionServicePlugin, sbt.plugins.SendEventServicePlugin, sbt.plugins.SerializersPlugin, sbt.plugins.IvyPlugin, com.typesafe.sbt.webdriver.SbtWebDriver, com.typesafe.sbt.jse.SbtJsEngine, sbt.plugins.JvmPlugin, com.typesafe.sbt.jse.SbtJsTask, play.twirl.sbt.SbtTwirl, sbt.plugins.BackgroundRunPlugin, sbt.plugins.JUnitXmlReportPlugin) not found List(play.PlayJava, play.Play, play.sbt.forkrun.PlayForkRun)
  :: sorting:: found: List(sbt.plugins.CorePlugin, com.typesafe.sbt.web.SbtWeb, sbt.plugins.InteractionServicePlugin, sbt.plugins.SendEventServicePlugin, sbt.plugins.SerializersPlugin, sbt.plugins.IvyPlugin, com.typesafe.sbt.webdriver.SbtWebDriver, com.typesafe.sbt.jse.SbtJsEngine, sbt.plugins.JvmPlugin, com.typesafe.sbt.jse.SbtJsTask, play.twirl.sbt.SbtTwirl, sbt.plugins.BackgroundRunPlugin, sbt.plugins.JUnitXmlReportPlugin, play.Play) not found List(play.PlayJava, play.sbt.forkrun.PlayForkRun)
  :: sorting:: found: List(sbt.plugins.CorePlugin, com.typesafe.sbt.web.SbtWeb, sbt.plugins.InteractionServicePlugin, sbt.plugins.SendEventServicePlugin, sbt.plugins.SerializersPlugin, sbt.plugins.IvyPlugin, com.typesafe.sbt.webdriver.SbtWebDriver, com.typesafe.sbt.jse.SbtJsEngine, sbt.plugins.JvmPlugin, com.typesafe.sbt.jse.SbtJsTask, play.twirl.sbt.SbtTwirl, sbt.plugins.BackgroundRunPlugin, sbt.plugins.JUnitXmlReportPlugin, play.Play, play.PlayJava, play.sbt.forkrun.PlayForkRun) not found List()
  :: sorted deduced result: List(sbt.plugins.CorePlugin, com.typesafe.sbt.web.SbtWeb, sbt.plugins.InteractionServicePlugin, sbt.plugins.SendEventServicePlugin, sbt.plugins.SerializersPlugin, sbt.plugins.IvyPlugin, com.typesafe.sbt.webdriver.SbtWebDriver, com.typesafe.sbt.jse.SbtJsEngine, sbt.plugins.JvmPlugin, com.typesafe.sbt.jse.SbtJsTask, play.twirl.sbt.SbtTwirl, sbt.plugins.BackgroundRunPlugin, sbt.plugins.JUnitXmlReportPlugin, play.Play, play.PlayJava, play.sbt.forkrun.PlayForkRun)
[Loading] Done in F:\workspace\master-thesis-web, returning: (root)
Set current project to master-thesis-web (in build file:/F:/workspace/master-thesis-web/)
Reapplying settings...
Set current project to master-thesis-web (in build file:/F:/workspace/master-thesis-web/)
> iflast shell
> server-send-ready-for-request
> server-handle-next-server-request
> compile
Evaluating tasks: compile:compile
Running task... Cancel: sbt.server.ServerTaskCancellation@5621b5c8, check cycles: false

Initial source changes: 
	removed:Set()
	added: Set()
	modified: Set()
Removed products: Set()
External API changes: API Changes: Set()
Modified binary dependencies: Set()
Initial directly invalidated sources: Set()

Sources indirectly invalidated by:
	product: Set()
	binary dep: Set()
	external source: Set()
All initially invalidated sources: Set()

Total time: 2 s, completed Dec 20, 2015 3:51:35 PM
> server-post-command-cleanup
> server-handle-next-server-request
> {file:/F:/workspace/master-thesis-web/}root/compile:discoveredMainClasses
Evaluating tasks: compile:discoveredMainClasses
Running task... Cancel: sbt.server.ServerTaskCancellation@5009a41b, check cycles: false

Initial source changes: 
	removed:Set()
	added: Set()
	modified: Set()
Removed products: Set()
External API changes: API Changes: Set()
Modified binary dependencies: Set()
Initial directly invalidated sources: Set()

Sources indirectly invalidated by:
	product: Set()
	binary dep: Set()
	external source: Set()
All initially invalidated sources: Set()

Total time: 1 s, completed Dec 20, 2015 3:51:36 PM
> server-post-command-cleanup
> server-handle-next-server-request
> {file:/F:/workspace/master-thesis-web/}root/compile:mainClass
Evaluating tasks: compile:mainClass
Running task... Cancel: sbt.server.ServerTaskCancellation@75069435, check cycles: false
Total time: 0 s, completed Dec 20, 2015 3:51:36 PM
> server-post-command-cleanup
> server-handle-next-server-request
> {file:/F:/workspace/master-thesis-web/}root/compile:discoveredMainClasses
Evaluating tasks: compile:discoveredMainClasses
Running task... Cancel: sbt.server.ServerTaskCancellation@70cac208, check cycles: false

Initial source changes: 
	removed:Set()
	added: Set()
	modified: Set()
Removed products: Set()
External API changes: API Changes: Set()
Modified binary dependencies: Set()
Initial directly invalidated sources: Set()

Sources indirectly invalidated by:
	product: Set()
	binary dep: Set()
	external source: Set()
All initially invalidated sources: Set()

Total time: 0 s, completed Dec 20, 2015 3:51:37 PM
> server-post-command-cleanup
> server-handle-next-server-request
> compile
Evaluating tasks: compile:compile
Running task... Cancel: sbt.server.ServerTaskCancellation@141d8c77, check cycles: false

Initial source changes: 
	removed:Set()
	added: Set()
	modified: Set()
Removed products: Set()
External API changes: API Changes: Set()
Modified binary dependencies: Set()
Initial directly invalidated sources: Set()

Sources indirectly invalidated by:
	product: Set()
	binary dep: Set()
	external source: Set()
All initially invalidated sources: Set()

Total time: 0 s, completed Dec 20, 2015 3:53:13 PM
> server-post-command-cleanup
> server-handle-next-server-request
> backgroundRun
Evaluating tasks: compile:backgroundRun
Running task... Cancel: sbt.server.ServerTaskCancellation@2873bac4, check cycles: false
Total time: 0 s, completed Dec 20, 2015 3:53:16 PM
> server-post-command-cleanup
> server-handle-next-server-request
> {file:/F:/workspace/master-thesis-web/}root/*:playForkConfig
Evaluating tasks: *:playForkConfig
Running task... Cancel: sbt.server.ServerTaskCancellation@61c77029, check cycles: false
Total time: 0 s, completed Dec 20, 2015 3:53:19 PM
> server-post-command-cleanup
> server-handle-next-server-request
> root/playForkNotifyStart http://localhost:9000
Evaluating tasks: *:playForkNotifyStart
Running task... Cancel: sbt.server.ServerTaskCancellation@4834f3e3, check cycles: false
Total time: 0 s, completed Dec 20, 2015 3:53:20 PM
> server-post-command-cleanup
> server-handle-next-server-request
> {file:/F:/workspace/master-thesis-web/}root/*:playForkReload
Evaluating tasks: *:playForkReload
Running task... Cancel: sbt.server.ServerTaskCancellation@1a6c7f18, check cycles: false

Initial source changes: 
	removed:Set()
	added: Set()
	modified: Set()
Removed products: Set()
External API changes: API Changes: Set()
Modified binary dependencies: Set()
Initial directly invalidated sources: Set()

Sources indirectly invalidated by:
	product: Set()
	binary dep: Set()
	external source: Set()
All initially invalidated sources: Set()

Copy resource mappings: 
	(F:\workspace\master-thesis-web\conf\application.conf,F:\workspace\master-thesis-web\target\scala-2.11\classes\application.conf)
	(F:\workspace\master-thesis-web\conf\ebean.properties,F:\workspace\master-thesis-web\target\scala-2.11\classes\ebean.properties)
	(F:\workspace\master-thesis-web\conf\evolutions,F:\workspace\master-thesis-web\target\scala-2.11\classes\evolutions)
	(F:\workspace\master-thesis-web\conf\routes,F:\workspace\master-thesis-web\target\scala-2.11\classes\routes)
	(F:\workspace\master-thesis-web\conf\evolutions\default,F:\workspace\master-thesis-web\target\scala-2.11\classes\evolutions\default)
	(F:\workspace\master-thesis-web\conf\evolutions\default\1.sql,F:\workspace\master-thesis-web\target\scala-2.11\classes\evolutions\default\1.sql)
Total time: 1 s, completed Dec 20, 2015 3:54:59 PM
> server-post-command-cleanup
> server-handle-next-server-request
> jobStop 1
Evaluating tasks: *:jobStop
Running task... Cancel: sbt.server.ServerTaskCancellation@44968c6, check cycles: false
Total time: 0 s, completed Dec 20, 2015 3:55:58 PM
> server-post-command-cleanup
> server-handle-next-server-request
> backgroundRun
Evaluating tasks: compile:backgroundRun
Running task... Cancel: sbt.server.ServerTaskCancellation@1a7d0ad4, check cycles: false
Total time: 0 s, completed Dec 20, 2015 3:56:55 PM
> server-post-command-cleanup
> server-handle-next-server-request
> {file:/F:/workspace/master-thesis-web/}root/*:playForkConfig
Evaluating tasks: *:playForkConfig
Running task... Cancel: sbt.server.ServerTaskCancellation@7760f0f6, check cycles: false
Total time: 0 s, completed Dec 20, 2015 3:56:57 PM
> server-post-command-cleanup
> server-handle-next-server-request
> root/playForkNotifyStart http://localhost:9000
Evaluating tasks: *:playForkNotifyStart
Running task... Cancel: sbt.server.ServerTaskCancellation@13803f3b, check cycles: false
Total time: 0 s, completed Dec 20, 2015 3:56:58 PM
> server-post-command-cleanup
> server-handle-next-server-request
> {file:/F:/workspace/master-thesis-web/}root/*:playForkReload
Evaluating tasks: *:playForkReload
Running task... Cancel: sbt.server.ServerTaskCancellation@7b9fb1ea, check cycles: false

Initial source changes: 
	removed:Set()
	added: Set()
	modified: Set()
Removed products: Set()
External API changes: API Changes: Set()
Modified binary dependencies: Set()
Initial directly invalidated sources: Set()

Sources indirectly invalidated by:
	product: Set()
	binary dep: Set()
	external source: Set()
All initially invalidated sources: Set()

Copy resource mappings: 
	(F:\workspace\master-thesis-web\conf\application.conf,F:\workspace\master-thesis-web\target\scala-2.11\classes\application.conf)
	(F:\workspace\master-thesis-web\conf\ebean.properties,F:\workspace\master-thesis-web\target\scala-2.11\classes\ebean.properties)
	(F:\workspace\master-thesis-web\conf\evolutions,F:\workspace\master-thesis-web\target\scala-2.11\classes\evolutions)
	(F:\workspace\master-thesis-web\conf\routes,F:\workspace\master-thesis-web\target\scala-2.11\classes\routes)
	(F:\workspace\master-thesis-web\conf\evolutions\default,F:\workspace\master-thesis-web\target\scala-2.11\classes\evolutions\default)
	(F:\workspace\master-thesis-web\conf\evolutions\default\1.sql,F:\workspace\master-thesis-web\target\scala-2.11\classes\evolutions\default\1.sql)
Total time: 0 s, completed Dec 20, 2015 4:01:12 PM
> server-post-command-cleanup
> server-handle-next-server-request
> jobStop 2
Evaluating tasks: *:jobStop
Running task... Cancel: sbt.server.ServerTaskCancellation@2f14e4c9, check cycles: false
Total time: 0 s, completed Dec 20, 2015 4:03:08 PM
> server-post-command-cleanup
> server-handle-next-server-request
> backgroundRun
Evaluating tasks: compile:backgroundRun
Running task... Cancel: sbt.server.ServerTaskCancellation@4e6f692c, check cycles: false
Total time: 0 s, completed Dec 20, 2015 4:03:21 PM
> server-post-command-cleanup
> server-handle-next-server-request
> {file:/F:/workspace/master-thesis-web/}root/*:playForkConfig
Evaluating tasks: *:playForkConfig
Running task... Cancel: sbt.server.ServerTaskCancellation@35f59f85, check cycles: false
Total time: 0 s, completed Dec 20, 2015 4:03:23 PM
> server-post-command-cleanup
> server-handle-next-server-request
> root/playForkNotifyStart http://localhost:9000
Evaluating tasks: *:playForkNotifyStart
Running task... Cancel: sbt.server.ServerTaskCancellation@705fa481, check cycles: false
Total time: 0 s, completed Dec 20, 2015 4:03:23 PM
> server-post-command-cleanup
> server-handle-next-server-request
> {file:/F:/workspace/master-thesis-web/}root/*:playForkReload
Evaluating tasks: *:playForkReload
Running task... Cancel: sbt.server.ServerTaskCancellation@42c1b543, check cycles: false

Initial source changes: 
	removed:Set()
	added: Set()
	modified: Set()
Removed products: Set()
External API changes: API Changes: Set()
Modified binary dependencies: Set()
Initial directly invalidated sources: Set()

Sources indirectly invalidated by:
	product: Set()
	binary dep: Set()
	external source: Set()
All initially invalidated sources: Set()

Copy resource mappings: 
	(F:\workspace\master-thesis-web\conf\application.conf,F:\workspace\master-thesis-web\target\scala-2.11\classes\application.conf)
	(F:\workspace\master-thesis-web\conf\ebean.properties,F:\workspace\master-thesis-web\target\scala-2.11\classes\ebean.properties)
	(F:\workspace\master-thesis-web\conf\evolutions,F:\workspace\master-thesis-web\target\scala-2.11\classes\evolutions)
	(F:\workspace\master-thesis-web\conf\routes,F:\workspace\master-thesis-web\target\scala-2.11\classes\routes)
	(F:\workspace\master-thesis-web\conf\evolutions\default,F:\workspace\master-thesis-web\target\scala-2.11\classes\evolutions\default)
	(F:\workspace\master-thesis-web\conf\evolutions\default\1.sql,F:\workspace\master-thesis-web\target\scala-2.11\classes\evolutions\default\1.sql)
Total time: 0 s, completed Dec 20, 2015 4:03:39 PM
> server-post-command-cleanup
> server-handle-next-server-request
> jobStop 3
Evaluating tasks: *:jobStop
Running task... Cancel: sbt.server.ServerTaskCancellation@1c9ca05e, check cycles: false
Total time: 0 s, completed Dec 20, 2015 4:03:49 PM
> server-post-command-cleanup
> server-handle-next-server-request
> backgroundRun
Evaluating tasks: compile:backgroundRun
Running task... Cancel: sbt.server.ServerTaskCancellation@5288a52a, check cycles: false
Total time: 0 s, completed Dec 20, 2015 4:04:19 PM
> server-post-command-cleanup
> server-handle-next-server-request
> {file:/F:/workspace/master-thesis-web/}root/*:playForkConfig
Evaluating tasks: *:playForkConfig
Running task... Cancel: sbt.server.ServerTaskCancellation@3fce91f5, check cycles: false
Total time: 0 s, completed Dec 20, 2015 4:04:21 PM
> server-post-command-cleanup
> server-handle-next-server-request
> root/playForkNotifyStart http://localhost:9000
Evaluating tasks: *:playForkNotifyStart
Running task... Cancel: sbt.server.ServerTaskCancellation@7f7d750d, check cycles: false
Total time: 0 s, completed Dec 20, 2015 4:04:21 PM
> server-post-command-cleanup
> server-handle-next-server-request
> {file:/F:/workspace/master-thesis-web/}root/*:playForkReload
Evaluating tasks: *:playForkReload
Running task... Cancel: sbt.server.ServerTaskCancellation@51b35e47, check cycles: false

Initial source changes: 
	removed:Set()
	added: Set()
	modified: Set()
Removed products: Set()
External API changes: API Changes: Set()
Modified binary dependencies: Set()
Initial directly invalidated sources: Set()

Sources indirectly invalidated by:
	product: Set()
	binary dep: Set()
	external source: Set()
All initially invalidated sources: Set()

Copy resource mappings: 
	(F:\workspace\master-thesis-web\conf\application.conf,F:\workspace\master-thesis-web\target\scala-2.11\classes\application.conf)
	(F:\workspace\master-thesis-web\conf\ebean.properties,F:\workspace\master-thesis-web\target\scala-2.11\classes\ebean.properties)
	(F:\workspace\master-thesis-web\conf\evolutions,F:\workspace\master-thesis-web\target\scala-2.11\classes\evolutions)
	(F:\workspace\master-thesis-web\conf\routes,F:\workspace\master-thesis-web\target\scala-2.11\classes\routes)
	(F:\workspace\master-thesis-web\conf\evolutions\default,F:\workspace\master-thesis-web\target\scala-2.11\classes\evolutions\default)
	(F:\workspace\master-thesis-web\conf\evolutions\default\1.sql,F:\workspace\master-thesis-web\target\scala-2.11\classes\evolutions\default\1.sql)
Total time: 0 s, completed Dec 20, 2015 4:04:29 PM
> server-post-command-cleanup
> server-handle-next-server-request
> jobStop 4
Evaluating tasks: *:jobStop
Running task... Cancel: sbt.server.ServerTaskCancellation@3ad30420, check cycles: false
Total time: 0 s, completed Dec 20, 2015 4:04:38 PM
> server-post-command-cleanup
> server-handle-next-server-request
> backgroundRun
Evaluating tasks: compile:backgroundRun
Running task... Cancel: sbt.server.ServerTaskCancellation@4873c6d, check cycles: false
Total time: 0 s, completed Dec 20, 2015 4:05:23 PM
> server-post-command-cleanup
> server-handle-next-server-request
> {file:/F:/workspace/master-thesis-web/}root/*:playForkConfig
Evaluating tasks: *:playForkConfig
Running task... Cancel: sbt.server.ServerTaskCancellation@7d08364f, check cycles: false
Total time: 0 s, completed Dec 20, 2015 4:05:25 PM
> server-post-command-cleanup
> server-handle-next-server-request
> root/playForkNotifyStart http://localhost:9000
Evaluating tasks: *:playForkNotifyStart
Running task... Cancel: sbt.server.ServerTaskCancellation@4885d36, check cycles: false
Total time: 0 s, completed Dec 20, 2015 4:05:26 PM
> server-post-command-cleanup
> server-handle-next-server-request
> {file:/F:/workspace/master-thesis-web/}root/*:playForkReload
Evaluating tasks: *:playForkReload
Running task... Cancel: sbt.server.ServerTaskCancellation@3b12fb4d, check cycles: false

Initial source changes: 
	removed:Set()
	added: Set()
	modified: Set()
Removed products: Set()
External API changes: API Changes: Set()
Modified binary dependencies: Set()
Initial directly invalidated sources: Set()

Sources indirectly invalidated by:
	product: Set()
	binary dep: Set()
	external source: Set()
All initially invalidated sources: Set()

Copy resource mappings: 
	(F:\workspace\master-thesis-web\conf\application.conf,F:\workspace\master-thesis-web\target\scala-2.11\classes\application.conf)
	(F:\workspace\master-thesis-web\conf\ebean.properties,F:\workspace\master-thesis-web\target\scala-2.11\classes\ebean.properties)
	(F:\workspace\master-thesis-web\conf\evolutions,F:\workspace\master-thesis-web\target\scala-2.11\classes\evolutions)
	(F:\workspace\master-thesis-web\conf\routes,F:\workspace\master-thesis-web\target\scala-2.11\classes\routes)
	(F:\workspace\master-thesis-web\conf\evolutions\default,F:\workspace\master-thesis-web\target\scala-2.11\classes\evolutions\default)
	(F:\workspace\master-thesis-web\conf\evolutions\default\1.sql,F:\workspace\master-thesis-web\target\scala-2.11\classes\evolutions\default\1.sql)
Total time: 0 s, completed Dec 20, 2015 4:05:30 PM
> server-post-command-cleanup
> server-handle-next-server-request
> jobStop 5
Evaluating tasks: *:jobStop
Running task... Cancel: sbt.server.ServerTaskCancellation@3e4c7fe3, check cycles: false
Total time: 0 s, completed Dec 20, 2015 4:32:14 PM
> server-post-command-cleanup
> server-handle-next-server-request
> backgroundRun
Evaluating tasks: compile:backgroundRun
Running task... Cancel: sbt.server.ServerTaskCancellation@362af04e, check cycles: false
Total time: 0 s, completed Dec 20, 2015 4:32:22 PM
> server-post-command-cleanup
> server-handle-next-server-request
> {file:/F:/workspace/master-thesis-web/}root/*:playForkConfig
Evaluating tasks: *:playForkConfig
Running task... Cancel: sbt.server.ServerTaskCancellation@1fed72d2, check cycles: false
Total time: 0 s, completed Dec 20, 2015 4:32:25 PM
> server-post-command-cleanup
> server-handle-next-server-request
> root/playForkNotifyStart http://localhost:9000
Evaluating tasks: *:playForkNotifyStart
Running task... Cancel: sbt.server.ServerTaskCancellation@353ec5d2, check cycles: false
Total time: 0 s, completed Dec 20, 2015 4:32:25 PM
> server-post-command-cleanup
> server-handle-next-server-request
> {file:/F:/workspace/master-thesis-web/}root/*:playForkReload
Evaluating tasks: *:playForkReload
Running task... Cancel: sbt.server.ServerTaskCancellation@43fe49f5, check cycles: false

Initial source changes: 
	removed:Set()
	added: Set()
	modified: Set()
Removed products: Set()
External API changes: API Changes: Set()
Modified binary dependencies: Set()
Initial directly invalidated sources: Set()

Sources indirectly invalidated by:
	product: Set()
	binary dep: Set()
	external source: Set()
All initially invalidated sources: Set()

Copy resource mappings: 
	(F:\workspace\master-thesis-web\conf\application.conf,F:\workspace\master-thesis-web\target\scala-2.11\classes\application.conf)
	(F:\workspace\master-thesis-web\conf\ebean.properties,F:\workspace\master-thesis-web\target\scala-2.11\classes\ebean.properties)
	(F:\workspace\master-thesis-web\conf\evolutions,F:\workspace\master-thesis-web\target\scala-2.11\classes\evolutions)
	(F:\workspace\master-thesis-web\conf\routes,F:\workspace\master-thesis-web\target\scala-2.11\classes\routes)
	(F:\workspace\master-thesis-web\conf\evolutions\default,F:\workspace\master-thesis-web\target\scala-2.11\classes\evolutions\default)
	(F:\workspace\master-thesis-web\conf\evolutions\default\1.sql,F:\workspace\master-thesis-web\target\scala-2.11\classes\evolutions\default\1.sql)
Total time: 0 s, completed Dec 20, 2015 4:33:07 PM
> server-post-command-cleanup
> server-handle-next-server-request
