New log file opened at Mon Dec 28 11:30:54 EET 2015 by 6112@samuil-pc
jvm 6112@samuil-pc
jvm vmName=Java HotSpot(TM) 64-Bit Server VM vmVendor=Oracle Corporation vmVersion=25.25-b02
jvm specName=Java Virtual Machine Specification specVendor=Oracle Corporation specVersion=1.8
jvm arguments: [-Xms256m, -Xmx1024m, -XX:MetaspaceSize=64m, -XX:MaxMetaspaceSize=256m]
Starting event engine
Starting sbt command engine
Waiting for sbt command engine
Command engine arguments=List()
Command engine baseDirectory=F:\workspace\master-thesis-web
Command engine initial remaining commands List(--initialize, onFailure load-failed, boot, server-send-ready-for-request, server-handle-next-server-request)
> --initialize
> initialize
> onFailure load-failed
> boot
> reload
[Loading] Scanning directory F:\workspace\master-thesis-web\project
[Loading] Found non-root projects 
[Loading] Done in F:\workspace\master-thesis-web\project, returning: ()
deducing auto plugins based on known facts Set(Atom(sbt.plugins.CorePlugin)) and clauses Clauses(List(Clause(Atom(sbt.plugins.JvmPlugin),Set(Atom(sbt.plugins.IvyPlugin))), Clause(Atom(sbt.plugins.JUnitXmlReportPlugin),Set(Atom(sbt.plugins.JvmPlugin))), Clause(Atom(sbt.plugins.CorePlugin),Set(Atom(sbt.plugins.IvyPlugin))), Clause(Atom(sbt.plugins.IvyPlugin),Set(Atom(sbt.plugins.JvmPlugin))), Clause(Atom(sbt.plugins.JvmPlugin),Set(Atom(sbt.plugins.JUnitXmlReportPlugin)))))
  :: deduced result: Matched(sbt.plugins.CorePlugin,sbt.plugins.IvyPlugin,sbt.plugins.JvmPlugin,sbt.plugins.JUnitXmlReportPlugin)
sorting: ns: List(sbt.plugins.CorePlugin, sbt.plugins.IvyPlugin, sbt.plugins.JvmPlugin, sbt.plugins.JUnitXmlReportPlugin)
  :: sorting:: found: List(sbt.plugins.CorePlugin) not found List(sbt.plugins.IvyPlugin, sbt.plugins.JvmPlugin, sbt.plugins.JUnitXmlReportPlugin)
  :: sorting:: found: List(sbt.plugins.CorePlugin, sbt.plugins.IvyPlugin) not found List(sbt.plugins.JvmPlugin, sbt.plugins.JUnitXmlReportPlugin)
  :: sorting:: found: List(sbt.plugins.CorePlugin, sbt.plugins.IvyPlugin, sbt.plugins.JvmPlugin) not found List(sbt.plugins.JUnitXmlReportPlugin)
  :: sorting:: found: List(sbt.plugins.CorePlugin, sbt.plugins.IvyPlugin, sbt.plugins.JvmPlugin, sbt.plugins.JUnitXmlReportPlugin) not found List()
  :: sorted deduced result: List(sbt.plugins.CorePlugin, sbt.plugins.IvyPlugin, sbt.plugins.JvmPlugin, sbt.plugins.JUnitXmlReportPlugin)
[Loading] Done in F:\workspace\master-thesis-web\project, returning: (master-thesis-web-build)
Loading project definition from F:\workspace\master-thesis-web\project
Running task... Cancel: sbt.TaskCancellationStrategy$Null$@3cc57105, check cycles: false

Initial source changes: 
	removed:Set()
	added: Set()
	modified: Set()
Removed products: Set()
External API changes: API Changes: Set()
Modified binary dependencies: Set()
Initial directly invalidated sources: Set()

Sources indirectly invalidated by:
	product: Set()
	binary dep: Set()
	external source: Set()
All initially invalidated sources: Set()

Copy resource mappings: 
	
[Loading] Scanning directory F:\workspace\master-thesis-web
[Loading] Found root project root w/ remaining 
deducing auto plugins based on known facts Set(Atom(play.PlayJava), Atom(sbt.plugins.CorePlugin)) and clauses Clauses(List(Clause(Atom(sbt.plugins.JvmPlugin),Set(Atom(sbt.plugins.IvyPlugin))), Clause(Atom(sbt.plugins.JUnitXmlReportPlugin),Set(Atom(sbt.plugins.JvmPlugin))), Clause(Atom(play.sbt.forkrun.PlayForkRun),Set(Atom(sbt.plugins.BackgroundRunPlugin))), Clause(Atom(play.sbt.forkrun.PlayForkRun),Set(Atom(play.Play))), Clause(Atom(play.sbt.forkrun.PlayForkRun),Set(Atom(sbt.plugins.SerializersPlugin))), Clause(Atom(play.Play),Set(Atom(com.typesafe.sbt.webdriver.SbtWebDriver))), Clause(Atom(play.Play),Set(Atom(play.twirl.sbt.SbtTwirl))), Clause(Atom(play.Play),Set(Atom(com.typesafe.sbt.jse.SbtJsTask))), Clause(Atom(play.PlayJava),Set(Atom(play.Play))), Clause(Atom(play.PlayScala),Set(Atom(play.Play))), Clause(Atom(play.twirl.sbt.SbtTwirl),Set(Atom(sbt.plugins.JvmPlugin))), Clause(Atom(com.typesafe.sbt.jse.SbtJsEngine),Set(Atom(com.typesafe.sbt.web.SbtWeb))), Clause(Atom(com.typesafe.sbt.jse.SbtJsTask),Set(Atom(com.typesafe.sbt.jse.SbtJsEngine))), Clause(Atom(com.typesafe.sbt.webdriver.SbtWebDriver),Set(Atom(com.typesafe.sbt.web.SbtWeb))), Clause(Atom(sbt.plugins.BackgroundRunPlugin),Set(Atom(sbt.plugins.JvmPlugin))), Clause(Atom(sbt.plugins.CorePlugin),Set(Atom(sbt.plugins.IvyPlugin))), Clause(Atom(sbt.plugins.IvyPlugin),Set(Atom(sbt.plugins.JvmPlugin))), Clause(Atom(sbt.plugins.JvmPlugin),Set(Atom(sbt.plugins.JUnitXmlReportPlugin))), Clause(And(Set(Atom(sbt.plugins.BackgroundRunPlugin), Atom(play.Play), Atom(sbt.plugins.SerializersPlugin))),Set(Atom(play.sbt.forkrun.PlayForkRun))), Clause(Atom(com.typesafe.sbt.web.SbtWeb),Set(Atom(com.typesafe.sbt.jse.SbtJsEngine))), Clause(Atom(com.typesafe.sbt.jse.SbtJsEngine),Set(Atom(com.typesafe.sbt.jse.SbtJsTask))), Clause(Atom(com.typesafe.sbt.web.SbtWeb),Set(Atom(com.typesafe.sbt.webdriver.SbtWebDriver))), Clause(Atom(sbt.plugins.JvmPlugin),Set(Atom(sbt.plugins.BackgroundRunPlugin))), Clause(Atom(sbt.plugins.CorePlugin),Set(Atom(sbt.plugins.InteractionServicePlugin))), Clause(Atom(sbt.plugins.CorePlugin),Set(Atom(sbt.plugins.SendEventServicePlugin))), Clause(Atom(sbt.plugins.CorePlugin),Set(Atom(sbt.plugins.SerializersPlugin)))))
  :: deduced result: Matched(sbt.plugins.CorePlugin,play.PlayJava,sbt.plugins.InteractionServicePlugin,sbt.plugins.SendEventServicePlugin,play.Play,sbt.plugins.SerializersPlugin,sbt.plugins.IvyPlugin,sbt.plugins.JvmPlugin,com.typesafe.sbt.jse.SbtJsTask,play.twirl.sbt.SbtTwirl,com.typesafe.sbt.webdriver.SbtWebDriver,sbt.plugins.BackgroundRunPlugin,sbt.plugins.JUnitXmlReportPlugin,com.typesafe.sbt.web.SbtWeb,com.typesafe.sbt.jse.SbtJsEngine,play.sbt.forkrun.PlayForkRun)
sorting: ns: List(sbt.plugins.CorePlugin, play.PlayJava, sbt.plugins.InteractionServicePlugin, sbt.plugins.SendEventServicePlugin, play.Play, sbt.plugins.SerializersPlugin, sbt.plugins.IvyPlugin, sbt.plugins.JvmPlugin, com.typesafe.sbt.jse.SbtJsTask, play.twirl.sbt.SbtTwirl, com.typesafe.sbt.webdriver.SbtWebDriver, sbt.plugins.BackgroundRunPlugin, sbt.plugins.JUnitXmlReportPlugin, com.typesafe.sbt.web.SbtWeb, com.typesafe.sbt.jse.SbtJsEngine, play.sbt.forkrun.PlayForkRun)
  :: sorting:: found: List(sbt.plugins.CorePlugin, com.typesafe.sbt.web.SbtWeb) not found List(play.PlayJava, sbt.plugins.InteractionServicePlugin, sbt.plugins.SendEventServicePlugin, play.Play, sbt.plugins.SerializersPlugin, sbt.plugins.IvyPlugin, sbt.plugins.JvmPlugin, com.typesafe.sbt.jse.SbtJsTask, play.twirl.sbt.SbtTwirl, com.typesafe.sbt.webdriver.SbtWebDriver, sbt.plugins.BackgroundRunPlugin, sbt.plugins.JUnitXmlReportPlugin, com.typesafe.sbt.jse.SbtJsEngine, play.sbt.forkrun.PlayForkRun)
  :: sorting:: found: List(sbt.plugins.CorePlugin, com.typesafe.sbt.web.SbtWeb, sbt.plugins.InteractionServicePlugin, sbt.plugins.SendEventServicePlugin, sbt.plugins.SerializersPlugin, sbt.plugins.IvyPlugin, com.typesafe.sbt.webdriver.SbtWebDriver, com.typesafe.sbt.jse.SbtJsEngine) not found List(play.PlayJava, play.Play, sbt.plugins.JvmPlugin, com.typesafe.sbt.jse.SbtJsTask, play.twirl.sbt.SbtTwirl, sbt.plugins.BackgroundRunPlugin, sbt.plugins.JUnitXmlReportPlugin, play.sbt.forkrun.PlayForkRun)
  :: sorting:: found: List(sbt.plugins.CorePlugin, com.typesafe.sbt.web.SbtWeb, sbt.plugins.InteractionServicePlugin, sbt.plugins.SendEventServicePlugin, sbt.plugins.SerializersPlugin, sbt.plugins.IvyPlugin, com.typesafe.sbt.webdriver.SbtWebDriver, com.typesafe.sbt.jse.SbtJsEngine, sbt.plugins.JvmPlugin, com.typesafe.sbt.jse.SbtJsTask) not found List(play.PlayJava, play.Play, play.twirl.sbt.SbtTwirl, sbt.plugins.BackgroundRunPlugin, sbt.plugins.JUnitXmlReportPlugin, play.sbt.forkrun.PlayForkRun)
  :: sorting:: found: List(sbt.plugins.CorePlugin, com.typesafe.sbt.web.SbtWeb, sbt.plugins.InteractionServicePlugin, sbt.plugins.SendEventServicePlugin, sbt.plugins.SerializersPlugin, sbt.plugins.IvyPlugin, com.typesafe.sbt.webdriver.SbtWebDriver, com.typesafe.sbt.jse.SbtJsEngine, sbt.plugins.JvmPlugin, com.typesafe.sbt.jse.SbtJsTask, play.twirl.sbt.SbtTwirl, sbt.plugins.BackgroundRunPlugin, sbt.plugins.JUnitXmlReportPlugin) not found List(play.PlayJava, play.Play, play.sbt.forkrun.PlayForkRun)
  :: sorting:: found: List(sbt.plugins.CorePlugin, com.typesafe.sbt.web.SbtWeb, sbt.plugins.InteractionServicePlugin, sbt.plugins.SendEventServicePlugin, sbt.plugins.SerializersPlugin, sbt.plugins.IvyPlugin, com.typesafe.sbt.webdriver.SbtWebDriver, com.typesafe.sbt.jse.SbtJsEngine, sbt.plugins.JvmPlugin, com.typesafe.sbt.jse.SbtJsTask, play.twirl.sbt.SbtTwirl, sbt.plugins.BackgroundRunPlugin, sbt.plugins.JUnitXmlReportPlugin, play.Play) not found List(play.PlayJava, play.sbt.forkrun.PlayForkRun)
  :: sorting:: found: List(sbt.plugins.CorePlugin, com.typesafe.sbt.web.SbtWeb, sbt.plugins.InteractionServicePlugin, sbt.plugins.SendEventServicePlugin, sbt.plugins.SerializersPlugin, sbt.plugins.IvyPlugin, com.typesafe.sbt.webdriver.SbtWebDriver, com.typesafe.sbt.jse.SbtJsEngine, sbt.plugins.JvmPlugin, com.typesafe.sbt.jse.SbtJsTask, play.twirl.sbt.SbtTwirl, sbt.plugins.BackgroundRunPlugin, sbt.plugins.JUnitXmlReportPlugin, play.Play, play.PlayJava, play.sbt.forkrun.PlayForkRun) not found List()
  :: sorted deduced result: List(sbt.plugins.CorePlugin, com.typesafe.sbt.web.SbtWeb, sbt.plugins.InteractionServicePlugin, sbt.plugins.SendEventServicePlugin, sbt.plugins.SerializersPlugin, sbt.plugins.IvyPlugin, com.typesafe.sbt.webdriver.SbtWebDriver, com.typesafe.sbt.jse.SbtJsEngine, sbt.plugins.JvmPlugin, com.typesafe.sbt.jse.SbtJsTask, play.twirl.sbt.SbtTwirl, sbt.plugins.BackgroundRunPlugin, sbt.plugins.JUnitXmlReportPlugin, play.Play, play.PlayJava, play.sbt.forkrun.PlayForkRun)
[Loading] Done in F:\workspace\master-thesis-web, returning: (root)
Set current project to master-thesis-web (in build file:/F:/workspace/master-thesis-web/)
Reapplying settings...
Set current project to master-thesis-web (in build file:/F:/workspace/master-thesis-web/)
> iflast shell
> server-send-ready-for-request
> server-handle-next-server-request
> {file:/F:/workspace/master-thesis-web/}root/compile:discoveredMainClasses
Evaluating tasks: compile:discoveredMainClasses
Running task... Cancel: sbt.server.ServerTaskCancellation@26cbb4de, check cycles: false

Initial source changes: 
	removed:Set()
	added: Set(F:\workspace\master-thesis-web\app\models\BasicEncryptKeyManager.java, F:\workspace\master-thesis-web\app\models\Credentials.java, F:\workspace\master-thesis-web\app\models\Event.java, F:\workspace\master-thesis-web\app\models\CustomServerConfigStartup.java, F:\workspace\master-thesis-web\app\models\Contacts.java, F:\workspace\master-thesis-web\target\scala-2.11\src_managed\main\routes_routing.scala, F:\workspace\master-thesis-web\target\scala-2.11\src_managed\main\routes_reverseRouting.scala, F:\workspace\master-thesis-web\app\controllers\LoginController.java, F:\workspace\master-thesis-web\app\models\Student.java, F:\workspace\master-thesis-web\app\models\GraduationDate.java, F:\workspace\master-thesis-web\app\models\Teacher.java, F:\workspace\master-thesis-web\app\models\Token.java, F:\workspace\master-thesis-web\app\controllers\Application.java, F:\workspace\master-thesis-web\app\models\Thesis.java, F:\workspace\master-thesis-web\app\models\Device.java, F:\workspace\master-thesis-web\target\scala-2.11\twirl\main\views\html\index.template.scala, F:\workspace\master-thesis-web\app\models\Category.java, F:\workspace\master-thesis-web\target\scala-2.11\src_managed\main\controllers\routes.java)
	modified: Set()
Removed products: Set()
External API changes: API Changes: Set()
Modified binary dependencies: Set()
Initial directly invalidated sources: Set(F:\workspace\master-thesis-web\app\models\BasicEncryptKeyManager.java, F:\workspace\master-thesis-web\app\models\Credentials.java, F:\workspace\master-thesis-web\app\models\Event.java, F:\workspace\master-thesis-web\app\models\CustomServerConfigStartup.java, F:\workspace\master-thesis-web\app\models\Contacts.java, F:\workspace\master-thesis-web\target\scala-2.11\src_managed\main\routes_routing.scala, F:\workspace\master-thesis-web\target\scala-2.11\src_managed\main\routes_reverseRouting.scala, F:\workspace\master-thesis-web\app\controllers\LoginController.java, F:\workspace\master-thesis-web\app\models\Student.java, F:\workspace\master-thesis-web\app\models\GraduationDate.java, F:\workspace\master-thesis-web\app\models\Teacher.java, F:\workspace\master-thesis-web\app\models\Token.java, F:\workspace\master-thesis-web\app\controllers\Application.java, F:\workspace\master-thesis-web\app\models\Thesis.java, F:\workspace\master-thesis-web\app\models\Device.java, F:\workspace\master-thesis-web\target\scala-2.11\twirl\main\views\html\index.template.scala, F:\workspace\master-thesis-web\app\models\Category.java, F:\workspace\master-thesis-web\target\scala-2.11\src_managed\main\controllers\routes.java)

Sources indirectly invalidated by:
	product: Set()
	binary dep: Set()
	external source: Set()
All initially invalidated sources: Set(F:\workspace\master-thesis-web\app\models\BasicEncryptKeyManager.java, F:\workspace\master-thesis-web\app\models\Credentials.java, F:\workspace\master-thesis-web\app\models\Event.java, F:\workspace\master-thesis-web\app\models\CustomServerConfigStartup.java, F:\workspace\master-thesis-web\app\models\Contacts.java, F:\workspace\master-thesis-web\target\scala-2.11\src_managed\main\routes_routing.scala, F:\workspace\master-thesis-web\target\scala-2.11\src_managed\main\routes_reverseRouting.scala, F:\workspace\master-thesis-web\app\controllers\LoginController.java, F:\workspace\master-thesis-web\app\models\Student.java, F:\workspace\master-thesis-web\app\models\GraduationDate.java, F:\workspace\master-thesis-web\app\models\Teacher.java, F:\workspace\master-thesis-web\app\models\Token.java, F:\workspace\master-thesis-web\app\controllers\Application.java, F:\workspace\master-thesis-web\app\models\Thesis.java, F:\workspace\master-thesis-web\app\models\Device.java, F:\workspace\master-thesis-web\target\scala-2.11\twirl\main\views\html\index.template.scala, F:\workspace\master-thesis-web\app\models\Category.java, F:\workspace\master-thesis-web\target\scala-2.11\src_managed\main\controllers\routes.java)

Recompiling all 18 sources: invalidated sources (18) exceeded 50.0% of all sources
Read from stdout: Compiling 3 Scala sources and 15 Java sources to F:\workspace\master-thesis-web\target\scala-2.11\classes...
Compiling 3 Scala sources and 15 Java sources to F:\workspace\master-thesis-web\target\scala-2.11\classes...
Getting compiler-interface from component compiler for Scala 2.11.1
Other repositories:
Default repositories:
Getting compiler-interface from component compiler for Scala 2.11.1
Other repositories:
Default repositories:
Running cached compiler e47e4a3, interfacing (CompilerInterface) with Scala compiler version 2.11.1
Calling Scala compiler with arguments  (CompilerInterface):
	-deprecation
	-unchecked
	-encoding
	utf8
	-bootclasspath
	C:\Program Files\Java\jdk1.8.0_25\jre\lib\resources.jar;C:\Program Files\Java\jdk1.8.0_25\jre\lib\rt.jar;C:\Program Files\Java\jdk1.8.0_25\jre\lib\sunrsasign.jar;C:\Program Files\Java\jdk1.8.0_25\jre\lib\jsse.jar;C:\Program Files\Java\jdk1.8.0_25\jre\lib\jce.jar;C:\Program Files\Java\jdk1.8.0_25\jre\lib\charsets.jar;C:\Program Files\Java\jdk1.8.0_25\jre\lib\jfr.jar;C:\Program Files\Java\jdk1.8.0_25\jre\classes;C:\Users\Samuil\.ivy2\cache\org.scala-lang\scala-library\jars\scala-library-2.11.1.jar
	-classpath
	F:\workspace\master-thesis-web\target\scala-2.11\classes;C:\Users\Samuil\.ivy2\cache\com.typesafe.play\twirl-api_2.11\jars\twirl-api_2.11-1.0.2.jar;C:\Users\Samuil\.ivy2\cache\org.apache.commons\commons-lang3\jars\commons-lang3-3.1.jar;C:\Users\Samuil\.ivy2\cache\org.scala-lang.modules\scala-xml_2.11\bundles\scala-xml_2.11-1.0.1.jar;C:\Users\Samuil\.ivy2\cache\com.typesafe.play\play_2.11\jars\play_2.11-2.3.10.jar;C:\Users\Samuil\.ivy2\cache\com.typesafe.play\build-link\jars\build-link-2.3.10.jar;C:\Users\Samuil\.ivy2\cache\com.typesafe.play\play-exceptions\jars\play-exceptions-2.3.10.jar;C:\Users\Samuil\.ivy2\cache\com.typesafe.play\play-iteratees_2.11\jars\play-iteratees_2.11-2.3.10.jar;C:\Users\Samuil\.ivy2\cache\org.scala-stm\scala-stm_2.11\jars\scala-stm_2.11-0.7.jar;C:\Users\Samuil\.ivy2\cache\com.typesafe\config\bundles\config-1.2.1.jar;C:\Users\Samuil\.ivy2\cache\com.typesafe.play\play-json_2.11\jars\play-json_2.11-2.3.10.jar;C:\Users\Samuil\.ivy2\cache\com.typesafe.play\play-functional_2.11\jars\play-functional_2.11-2.3.10.jar;C:\Users\Samuil\.ivy2\cache\com.typesafe.play\play-datacommons_2.11\jars\play-datacommons_2.11-2.3.10.jar;C:\Users\Samuil\.ivy2\cache\joda-time\joda-time\jars\joda-time-2.3.jar;C:\Users\Samuil\.ivy2\cache\org.joda\joda-convert\jars\joda-convert-1.6.jar;C:\Users\Samuil\.ivy2\cache\com.fasterxml.jackson.core\jackson-annotations\bundles\jackson-annotations-2.3.2.jar;C:\Users\Samuil\.ivy2\cache\com.fasterxml.jackson.core\jackson-core\bundles\jackson-core-2.3.2.jar;C:\Users\Samuil\.ivy2\cache\com.fasterxml.jackson.core\jackson-databind\bundles\jackson-databind-2.3.2.jar;C:\Users\Samuil\.ivy2\cache\org.scala-lang\scala-reflect\jars\scala-reflect-2.11.1.jar;C:\Users\Samuil\.ivy2\cache\org.scala-lang.modules\scala-parser-combinators_2.11\bundles\scala-parser-combinators_2.11-1.0.1.jar;C:\Users\Samuil\.ivy2\cache\io.netty\netty\bundles\netty-3.9.9.Final.jar;C:\Users\Samuil\.ivy2\cache\com.typesafe.netty\netty-http-pipelining\jars\netty-http-pipelining-1.1.2.jar;C:\Users\Samuil\.ivy2\cache\org.slf4j\slf4j-api\jars\slf4j-api-1.7.6.jar;C:\Users\Samuil\.ivy2\cache\org.slf4j\jul-to-slf4j\jars\jul-to-slf4j-1.7.6.jar;C:\Users\Samuil\.ivy2\cache\org.slf4j\jcl-over-slf4j\jars\jcl-over-slf4j-1.7.6.jar;C:\Users\Samuil\.ivy2\cache\ch.qos.logback\logback-core\jars\logback-core-1.1.1.jar;C:\Users\Samuil\.ivy2\cache\ch.qos.logback\logback-classic\jars\logback-classic-1.1.1.jar;C:\Users\Samuil\.ivy2\cache\com.typesafe.akka\akka-actor_2.11\jars\akka-actor_2.11-2.3.4.jar;C:\Users\Samuil\.ivy2\cache\com.typesafe.akka\akka-slf4j_2.11\jars\akka-slf4j_2.11-2.3.4.jar;C:\Users\Samuil\.ivy2\cache\commons-codec\commons-codec\jars\commons-codec-1.9.jar;C:\Users\Samuil\.ivy2\cache\xerces\xercesImpl\jars\xercesImpl-2.11.0.jar;C:\Users\Samuil\.ivy2\cache\xml-apis\xml-apis\jars\xml-apis-1.4.01.jar;C:\Users\Samuil\.ivy2\cache\javax.transaction\jta\jars\jta-1.1.jar;C:\Users\Samuil\.ivy2\cache\com.typesafe.play\play-java_2.11\jars\play-java_2.11-2.3.10.jar;C:\Users\Samuil\.ivy2\cache\org.yaml\snakeyaml\bundles\snakeyaml-1.13.jar;C:\Users\Samuil\.ivy2\cache\org.hibernate\hibernate-validator\jars\hibernate-validator-5.0.3.Final.jar;C:\Users\Samuil\.ivy2\cache\javax.validation\validation-api\jars\validation-api-1.1.0.Final.jar;C:\Users\Samuil\.ivy2\cache\com.fasterxml\classmate\bundles\classmate-1.0.0.jar;C:\Users\Samuil\.ivy2\cache\org.jboss.logging\jboss-logging\jars\jboss-logging-3.2.0.Final.jar;C:\Users\Samuil\.ivy2\cache\org.springframework\spring-context\jars\spring-context-4.0.3.RELEASE.jar;C:\Users\Samuil\.ivy2\cache\org.springframework\spring-core\jars\spring-core-4.0.3.RELEASE.jar;C:\Users\Samuil\.ivy2\cache\org.springframework\spring-beans\jars\spring-beans-4.0.3.RELEASE.jar;C:\Users\Samuil\.ivy2\cache\org.javassist\javassist\bundles\javassist-3.19.0-GA.jar;C:\Users\Samuil\.ivy2\cache\org.reflections\reflections\jars\reflections-0.9.8.jar;C:\Users\Samuil\.ivy2\cache\com.google.guava\guava\bundles\guava-16.0.1.jar;C:\Users\Samuil\.ivy2\cache\dom4j\dom4j\jars\dom4j-1.6.1.jar;C:\Users\Samuil\.ivy2\cache\com.google.code.findbugs\jsr305\jars\jsr305-2.0.3.jar;C:\Users\Samuil\.ivy2\cache\org.apache.tomcat\tomcat-servlet-api\jars\tomcat-servlet-api-8.0.5.jar;C:\Users\Samuil\.ivy2\cache\com.typesafe.play\play-java-jdbc_2.11\jars\play-java-jdbc_2.11-2.3.10.jar;C:\Users\Samuil\.ivy2\cache\com.typesafe.play\play-jdbc_2.11\jars\play-jdbc_2.11-2.3.10.jar;C:\Users\Samuil\.ivy2\cache\com.jolbox\bonecp\bundles\bonecp-0.8.0.RELEASE.jar;C:\Users\Samuil\.ivy2\cache\com.h2database\h2\jars\h2-1.3.175.jar;C:\Users\Samuil\.ivy2\cache\tyrex\tyrex\jars\tyrex-1.0.1.jar;C:\Users\Samuil\.ivy2\cache\com.typesafe.play\play-java-ebean_2.11\jars\play-java-ebean_2.11-2.3.10.jar;C:\Users\Samuil\.ivy2\cache\org.avaje.ebeanorm\avaje-ebeanorm\jars\avaje-ebeanorm-3.3.4.jar;C:\Users\Samuil\.ivy2\cache\org.avaje.ebeanorm\avaje-ebeanorm-agent\jars\avaje-ebeanorm-agent-3.2.2.jar;C:\Users\Samuil\.ivy2\cache\org.hibernate.javax.persistence\hibernate-jpa-2.0-api\jars\hibernate-jpa-2.0-api-1.0.1.Final.jar;C:\Users\Samuil\.ivy2\cache\org.postgresql\postgresql\jars\postgresql-9.4-1206-jdbc4.jar
Scala compilation took 17.613348496 s
Attempting to call com.sun.tools.javac.api.JavacTool@b4748c5 directly...
Java compilation took 1.306829435 s
Java analysis took 0.085428487 s
Java compile + analysis took 1.403699841 s
Invalidating F:\workspace\master-thesis-web\app\models\Category.java...
Invalidating (transitively) by inheritance from F:\workspace\master-thesis-web\app\models\Category.java...
Initial set of included nodes: Set(F:\workspace\master-thesis-web\app\models\Category.java)
Invalidated by transitive inheritance dependency: Set(F:\workspace\master-thesis-web\app\models\Category.java)
The F:\workspace\master-thesis-web\app\models\Category.java source file has the following regular definitions changed:
	.
All member reference dependencies will be considered within this context.
Invalidating F:\workspace\master-thesis-web\app\models\Student.java...
Invalidating (transitively) by inheritance from F:\workspace\master-thesis-web\app\models\Student.java...
Initial set of included nodes: Set(F:\workspace\master-thesis-web\app\models\Student.java)
Invalidated by transitive inheritance dependency: Set(F:\workspace\master-thesis-web\app\models\Student.java)
The F:\workspace\master-thesis-web\app\models\Student.java source file has the following regular definitions changed:
	.
All member reference dependencies will be considered within this context.
Invalidating F:\workspace\master-thesis-web\app\models\Teacher.java...
Invalidating (transitively) by inheritance from F:\workspace\master-thesis-web\app\models\Teacher.java...
Initial set of included nodes: Set(F:\workspace\master-thesis-web\app\models\Teacher.java)
Invalidated by transitive inheritance dependency: Set(F:\workspace\master-thesis-web\app\models\Teacher.java)
The F:\workspace\master-thesis-web\app\models\Teacher.java source file has the following regular definitions changed:
	.
All member reference dependencies will be considered within this context.
Invalidating F:\workspace\master-thesis-web\app\models\Token.java...
Invalidating (transitively) by inheritance from F:\workspace\master-thesis-web\app\models\Token.java...
Initial set of included nodes: Set(F:\workspace\master-thesis-web\app\models\Token.java)
Invalidated by transitive inheritance dependency: Set(F:\workspace\master-thesis-web\app\models\Token.java)
The F:\workspace\master-thesis-web\app\models\Token.java source file has the following regular definitions changed:
	.
All member reference dependencies will be considered within this context.
Invalidating F:\workspace\master-thesis-web\app\controllers\Application.java...
Invalidating (transitively) by inheritance from F:\workspace\master-thesis-web\app\controllers\Application.java...
Initial set of included nodes: Set(F:\workspace\master-thesis-web\app\controllers\Application.java)
Invalidated by transitive inheritance dependency: Set(F:\workspace\master-thesis-web\app\controllers\Application.java)
The F:\workspace\master-thesis-web\app\controllers\Application.java source file has the following regular definitions changed:
	.
All member reference dependencies will be considered within this context.
None of the modified names appears in F:\workspace\master-thesis-web\target\scala-2.11\src_managed\main\routes_routing.scala. This dependency is not being considered for invalidation.
None of the modified names appears in F:\workspace\master-thesis-web\target\scala-2.11\src_managed\main\routes_reverseRouting.scala. This dependency is not being considered for invalidation.
Invalidating F:\workspace\master-thesis-web\app\models\Device.java...
Invalidating (transitively) by inheritance from F:\workspace\master-thesis-web\app\models\Device.java...
Initial set of included nodes: Set(F:\workspace\master-thesis-web\app\models\Device.java)
Invalidated by transitive inheritance dependency: Set(F:\workspace\master-thesis-web\app\models\Device.java)
The F:\workspace\master-thesis-web\app\models\Device.java source file has the following regular definitions changed:
	.
All member reference dependencies will be considered within this context.
Invalidating F:\workspace\master-thesis-web\app\controllers\LoginController.java...
Invalidating (transitively) by inheritance from F:\workspace\master-thesis-web\app\controllers\LoginController.java...
Initial set of included nodes: Set(F:\workspace\master-thesis-web\app\controllers\LoginController.java)
Invalidated by transitive inheritance dependency: Set(F:\workspace\master-thesis-web\app\controllers\LoginController.java)
The F:\workspace\master-thesis-web\app\controllers\LoginController.java source file has the following regular definitions changed:
	.
All member reference dependencies will be considered within this context.
None of the modified names appears in F:\workspace\master-thesis-web\target\scala-2.11\src_managed\main\routes_routing.scala. This dependency is not being considered for invalidation.
None of the modified names appears in F:\workspace\master-thesis-web\target\scala-2.11\src_managed\main\routes_reverseRouting.scala. This dependency is not being considered for invalidation.
Invalidating F:\workspace\master-thesis-web\app\models\GraduationDate.java...
Invalidating (transitively) by inheritance from F:\workspace\master-thesis-web\app\models\GraduationDate.java...
Initial set of included nodes: Set(F:\workspace\master-thesis-web\app\models\GraduationDate.java)
Invalidated by transitive inheritance dependency: Set(F:\workspace\master-thesis-web\app\models\GraduationDate.java)
The F:\workspace\master-thesis-web\app\models\GraduationDate.java source file has the following regular definitions changed:
	.
All member reference dependencies will be considered within this context.
Invalidating F:\workspace\master-thesis-web\app\models\BasicEncryptKeyManager.java...
Invalidating (transitively) by inheritance from F:\workspace\master-thesis-web\app\models\BasicEncryptKeyManager.java...
Initial set of included nodes: Set(F:\workspace\master-thesis-web\app\models\BasicEncryptKeyManager.java)
Invalidated by transitive inheritance dependency: Set(F:\workspace\master-thesis-web\app\models\BasicEncryptKeyManager.java)
The F:\workspace\master-thesis-web\app\models\BasicEncryptKeyManager.java source file has the following regular definitions changed:
	.
All member reference dependencies will be considered within this context.
Invalidating F:\workspace\master-thesis-web\target\scala-2.11\twirl\main\views\html\index.template.scala...
Invalidating (transitively) by inheritance from F:\workspace\master-thesis-web\target\scala-2.11\twirl\main\views\html\index.template.scala...
Initial set of included nodes: Set(F:\workspace\master-thesis-web\target\scala-2.11\twirl\main\views\html\index.template.scala)
Invalidated by transitive inheritance dependency: Set(F:\workspace\master-thesis-web\target\scala-2.11\twirl\main\views\html\index.template.scala)
The F:\workspace\master-thesis-web\target\scala-2.11\twirl\main\views\html\index.template.scala source file has the following regular definitions changed:
	notify, format, wait, $asInstanceOf, productArity, equals, asInstanceOf, f, synchronized, _display_, $isInstanceOf, ref, canEqual, productPrefix, notifyAll, readResolve, isInstanceOf, apply, ==, clone, copy, toString, !=, getClass, copy$default$1, render, ne, eq, productIterator, ##, finalize, index, productElement, hashCode.
All member reference dependencies will be considered within this context.
Invalidating F:\workspace\master-thesis-web\target\scala-2.11\src_managed\main\controllers\routes.java...
Invalidating (transitively) by inheritance from F:\workspace\master-thesis-web\target\scala-2.11\src_managed\main\controllers\routes.java...
Initial set of included nodes: Set(F:\workspace\master-thesis-web\target\scala-2.11\src_managed\main\controllers\routes.java)
Invalidated by transitive inheritance dependency: Set(F:\workspace\master-thesis-web\target\scala-2.11\src_managed\main\controllers\routes.java)
The F:\workspace\master-thesis-web\target\scala-2.11\src_managed\main\controllers\routes.java source file has the following regular definitions changed:
	notify, routes$ref, wait, routes, equals, routes$javascript, notifyAll, <init>, LoginController, Application, toString, getClass, hashCode.
All member reference dependencies will be considered within this context.
Name hashing optimization doesn't apply to non-Scala dependency: F:\workspace\master-thesis-web\target\scala-2.11\src_managed\main\controllers\routes.java
Invalidating F:\workspace\master-thesis-web\app\models\Thesis.java...
Invalidating (transitively) by inheritance from F:\workspace\master-thesis-web\app\models\Thesis.java...
Initial set of included nodes: Set(F:\workspace\master-thesis-web\app\models\Thesis.java)
Invalidated by transitive inheritance dependency: Set(F:\workspace\master-thesis-web\app\models\Thesis.java)
The F:\workspace\master-thesis-web\app\models\Thesis.java source file has the following regular definitions changed:
	.
All member reference dependencies will be considered within this context.
Invalidating F:\workspace\master-thesis-web\app\models\Event.java...
Invalidating (transitively) by inheritance from F:\workspace\master-thesis-web\app\models\Event.java...
Initial set of included nodes: Set(F:\workspace\master-thesis-web\app\models\Event.java)
Invalidated by transitive inheritance dependency: Set(F:\workspace\master-thesis-web\app\models\Event.java)
The F:\workspace\master-thesis-web\app\models\Event.java source file has the following regular definitions changed:
	.
All member reference dependencies will be considered within this context.
Invalidating F:\workspace\master-thesis-web\app\models\Contacts.java...
Invalidating (transitively) by inheritance from F:\workspace\master-thesis-web\app\models\Contacts.java...
Initial set of included nodes: Set(F:\workspace\master-thesis-web\app\models\Contacts.java)
Invalidated by transitive inheritance dependency: Set(F:\workspace\master-thesis-web\app\models\Contacts.java)
The F:\workspace\master-thesis-web\app\models\Contacts.java source file has the following regular definitions changed:
	.
All member reference dependencies will be considered within this context.
Invalidating F:\workspace\master-thesis-web\app\models\Credentials.java...
Invalidating (transitively) by inheritance from F:\workspace\master-thesis-web\app\models\Credentials.java...
Initial set of included nodes: Set(F:\workspace\master-thesis-web\app\models\Credentials.java)
Invalidated by transitive inheritance dependency: Set(F:\workspace\master-thesis-web\app\models\Credentials.java)
The F:\workspace\master-thesis-web\app\models\Credentials.java source file has the following regular definitions changed:
	.
All member reference dependencies will be considered within this context.
Invalidating F:\workspace\master-thesis-web\target\scala-2.11\src_managed\main\routes_routing.scala...
Invalidating (transitively) by inheritance from F:\workspace\master-thesis-web\target\scala-2.11\src_managed\main\routes_routing.scala...
Initial set of included nodes: Set(F:\workspace\master-thesis-web\target\scala-2.11\src_managed\main\routes_routing.scala)
Invalidated by transitive inheritance dependency: Set(F:\workspace\master-thesis-web\target\scala-2.11\src_managed\main\routes_routing.scala)
The F:\workspace\master-thesis-web\target\scala-2.11\src_managed\main\routes_routing.scala source file has the following regular definitions changed:
	notify, controllers_Application_index2_route, badRequest, wait, $asInstanceOf, routes, createInvoker, equals, prefix, asInstanceOf, documentation, synchronized, $isInstanceOf, handlerFor, controllers_LoginController_check1_invoker, _prefix, notifyAll, isInstanceOf, controllers_LoginController_login0_invoker, controllers_LoginController_login0_route, ==, clone, Routes, controllers_LoginController_check1_route, toString, !=, fakeValue, getClass, setPrefix, controllers_Application_index2_invoker, ne, call, eq, defaultPrefix, ##, finalize, hashCode.
All member reference dependencies will be considered within this context.
The following modified names cause invalidation of F:\workspace\master-thesis-web\target\scala-2.11\src_managed\main\routes_reverseRouting.scala: Set(prefix, _prefix, Routes, getClass, defaultPrefix)
Invalidating F:\workspace\master-thesis-web\app\models\CustomServerConfigStartup.java...
Invalidating (transitively) by inheritance from F:\workspace\master-thesis-web\app\models\CustomServerConfigStartup.java...
Initial set of included nodes: Set(F:\workspace\master-thesis-web\app\models\CustomServerConfigStartup.java)
Invalidated by transitive inheritance dependency: Set(F:\workspace\master-thesis-web\app\models\CustomServerConfigStartup.java)
The F:\workspace\master-thesis-web\app\models\CustomServerConfigStartup.java source file has the following regular definitions changed:
	.
All member reference dependencies will be considered within this context.
Invalidating F:\workspace\master-thesis-web\target\scala-2.11\src_managed\main\routes_reverseRouting.scala...
Invalidating (transitively) by inheritance from F:\workspace\master-thesis-web\target\scala-2.11\src_managed\main\routes_reverseRouting.scala...
Initial set of included nodes: Set(F:\workspace\master-thesis-web\target\scala-2.11\src_managed\main\routes_reverseRouting.scala)
Invalidated by transitive inheritance dependency: Set(F:\workspace\master-thesis-web\target\scala-2.11\src_managed\main\routes_reverseRouting.scala)
The F:\workspace\master-thesis-web\target\scala-2.11\src_managed\main\routes_reverseRouting.scala source file has the following regular definitions changed:
	notify, wait, $asInstanceOf, equals, asInstanceOf, ReverseLoginController, synchronized, $isInstanceOf, notifyAll, isInstanceOf, <init>, check, ==, clone, toString, !=, getClass, login, ne, eq, ReverseApplication, ##, finalize, index, hashCode.
All member reference dependencies will be considered within this context.
Name hashing optimization doesn't apply to non-Scala dependency: F:\workspace\master-thesis-web\target\scala-2.11\src_managed\main\controllers\routes.java
New invalidations:
	Set()
Initial set of included nodes: Set()
Previously invalidated, but (transitively) depend on new invalidations:
	Set()
All newly invalidated sources after taking into account (previously) recompiled sources:Set()
Total time: 22 s, completed Dec 28, 2015 11:31:21 AM
> server-post-command-cleanup
> server-handle-next-server-request
> {file:/F:/workspace/master-thesis-web/}root/compile:mainClass
Evaluating tasks: compile:mainClass
Running task... Cancel: sbt.server.ServerTaskCancellation@334141ad, check cycles: false
Total time: 0 s, completed Dec 28, 2015 11:31:21 AM
> server-post-command-cleanup
> server-handle-next-server-request
> {file:/F:/workspace/master-thesis-web/}root/compile:discoveredMainClasses
Evaluating tasks: compile:discoveredMainClasses
Running task... Cancel: sbt.server.ServerTaskCancellation@f284712, check cycles: false

Initial source changes: 
	removed:Set()
	added: Set()
	modified: Set()
Removed products: Set()
External API changes: API Changes: Set()
Modified binary dependencies: Set()
Initial directly invalidated sources: Set()

Sources indirectly invalidated by:
	product: Set()
	binary dep: Set()
	external source: Set()
All initially invalidated sources: Set()

Total time: 0 s, completed Dec 28, 2015 11:31:22 AM
> server-post-command-cleanup
> server-handle-next-server-request
> {file:/F:/workspace/master-thesis-web/}root/compile:mainClass
Evaluating tasks: compile:mainClass
Running task... Cancel: sbt.server.ServerTaskCancellation@2ac1d047, check cycles: false
Total time: 0 s, completed Dec 28, 2015 11:31:22 AM
> server-post-command-cleanup
> server-handle-next-server-request
> backgroundRun
Evaluating tasks: compile:backgroundRun
Running task... Cancel: sbt.server.ServerTaskCancellation@d8c6d, check cycles: false
Total time: 0 s, completed Dec 28, 2015 11:35:05 AM
> server-post-command-cleanup
> server-handle-next-server-request
> jobStop 1
Evaluating tasks: *:jobStop
Running task... Cancel: sbt.server.ServerTaskCancellation@7ac5a12, check cycles: false
Total time: 0 s, completed Dec 28, 2015 11:36:08 AM
> server-post-command-cleanup
> server-handle-next-server-request
Done executing sbt server engine, result Right(Exit(0))
Closing listening server socket
Waiting for socket thread
Waiting for request processor thread
Waiting for command engine result
Returning control to sbt launcher with result Exit(0)
Closing the 6112@samuil-pc logs at Mon Dec 28 11:36:19 EET 2015, goodbye.
